

Started GET "/" for ::1 at 2015-02-02 16:26:32 +0200
Processing by Rails::WelcomeController#index as HTML
  Rendered /Users/liorb/.rvm/gems/ruby-2.1.5@dev_surveys/gems/railties-4.2.0/lib/rails/templates/rails/welcome/index.html.erb (2.0ms)
Completed 200 OK in 20ms (Views: 11.3ms | ActiveRecord: 0.0ms)


Started GET "/rails/info/properties" for ::1 at 2015-02-02 16:26:56 +0200
Processing by Rails::InfoController#properties as */*
  Rendered /Users/liorb/.rvm/gems/ruby-2.1.5@dev_surveys/gems/railties-4.2.0/lib/rails/templates/rails/info/properties.html.erb (0.4ms)
Completed 200 OK in 42ms (Views: 10.3ms | ActiveRecord: 1.9ms)


Started GET "/" for ::1 at 2015-02-02 16:30:16 +0200

ActiveRecord::PendingMigrationError (

Migrations are pending. To resolve this issue, run:

	bin/rake db:migrate RAILS_ENV=development

):
  activerecord (4.2.0) lib/active_record/migration.rb:393:in `check_pending!'
  activerecord (4.2.0) lib/active_record/migration.rb:374:in `call'
  actionpack (4.2.0) lib/action_dispatch/middleware/callbacks.rb:29:in `block in call'
  activesupport (4.2.0) lib/active_support/callbacks.rb:88:in `call'
  activesupport (4.2.0) lib/active_support/callbacks.rb:88:in `_run_callbacks'
  activesupport (4.2.0) lib/active_support/callbacks.rb:734:in `_run_call_callbacks'
  activesupport (4.2.0) lib/active_support/callbacks.rb:81:in `run_callbacks'
  actionpack (4.2.0) lib/action_dispatch/middleware/callbacks.rb:27:in `call'
  actionpack (4.2.0) lib/action_dispatch/middleware/reloader.rb:73:in `call'
  actionpack (4.2.0) lib/action_dispatch/middleware/remote_ip.rb:78:in `call'
  web-console (2.0.0) lib/action_dispatch/debug_exceptions.rb:18:in `middleware_call'
  web-console (2.0.0) lib/action_dispatch/debug_exceptions.rb:13:in `call'
  actionpack (4.2.0) lib/action_dispatch/middleware/show_exceptions.rb:30:in `call'
  railties (4.2.0) lib/rails/rack/logger.rb:38:in `call_app'
  railties (4.2.0) lib/rails/rack/logger.rb:20:in `block in call'
  activesupport (4.2.0) lib/active_support/tagged_logging.rb:68:in `block in tagged'
  activesupport (4.2.0) lib/active_support/tagged_logging.rb:26:in `tagged'
  activesupport (4.2.0) lib/active_support/tagged_logging.rb:68:in `tagged'
  railties (4.2.0) lib/rails/rack/logger.rb:20:in `call'
  actionpack (4.2.0) lib/action_dispatch/middleware/request_id.rb:21:in `call'
  rack (1.6.0) lib/rack/methodoverride.rb:22:in `call'
  rack (1.6.0) lib/rack/runtime.rb:18:in `call'
  activesupport (4.2.0) lib/active_support/cache/strategy/local_cache_middleware.rb:28:in `call'
  rack (1.6.0) lib/rack/lock.rb:17:in `call'
  actionpack (4.2.0) lib/action_dispatch/middleware/static.rb:113:in `call'
  rack (1.6.0) lib/rack/sendfile.rb:113:in `call'
  railties (4.2.0) lib/rails/engine.rb:518:in `call'
  railties (4.2.0) lib/rails/application.rb:164:in `call'
  rack (1.6.0) lib/rack/lock.rb:17:in `call'
  rack (1.6.0) lib/rack/content_length.rb:15:in `call'
  rack (1.6.0) lib/rack/handler/webrick.rb:89:in `service'
  /Users/liorb/.rvm/rubies/ruby-2.1.5/lib/ruby/2.1.0/webrick/httpserver.rb:138:in `service'
  /Users/liorb/.rvm/rubies/ruby-2.1.5/lib/ruby/2.1.0/webrick/httpserver.rb:94:in `run'
  /Users/liorb/.rvm/rubies/ruby-2.1.5/lib/ruby/2.1.0/webrick/server.rb:295:in `block in start_thread'


  Rendered /Users/liorb/.rvm/gems/ruby-2.1.5@dev_surveys/gems/web-console-2.0.0/lib/action_dispatch/templates/rescues/_source.erb (2.4ms)
  Rendered /Users/liorb/.rvm/gems/ruby-2.1.5@dev_surveys/gems/web-console-2.0.0/lib/action_dispatch/templates/rescues/_trace.html.erb (1.6ms)
  Rendered /Users/liorb/.rvm/gems/ruby-2.1.5@dev_surveys/gems/web-console-2.0.0/lib/action_dispatch/templates/rescues/_request_and_response.html.erb (1.2ms)
  Rendered /Users/liorb/.rvm/gems/ruby-2.1.5@dev_surveys/gems/web-console-2.0.0/lib/action_dispatch/templates/rescues/_web_console.html.erb (1.5ms)
  Rendered /Users/liorb/.rvm/gems/ruby-2.1.5@dev_surveys/gems/web-console-2.0.0/lib/action_dispatch/templates/rescues/diagnostics.html.erb within rescues/layout (30.8ms)
  [1m[36m (1.0ms)[0m  [1mCREATE TABLE "schema_migrations" ("version" varchar NOT NULL) [0m
  [1m[35m (0.1ms)[0m  select sqlite_version(*)
  [1m[36m (0.8ms)[0m  [1mCREATE UNIQUE INDEX "unique_schema_migrations" ON "schema_migrations" ("version")[0m
  [1m[35mActiveRecord::SchemaMigration Load (0.1ms)[0m  SELECT "schema_migrations".* FROM "schema_migrations"
Migrating to CreatePolls (20150202142942)
  [1m[36m (0.2ms)[0m  [1mbegin transaction[0m
  [1m[35m (0.4ms)[0m  CREATE TABLE "polls" ("id" INTEGER PRIMARY KEY AUTOINCREMENT NOT NULL, "title" varchar, "created_at" datetime NOT NULL, "updated_at" datetime NOT NULL) 
  [1m[36mSQL (0.2ms)[0m  [1mINSERT INTO "schema_migrations" ("version") VALUES (?)[0m  [["version", "20150202142942"]]
  [1m[35m (0.7ms)[0m  commit transaction
  [1m[36mActiveRecord::SchemaMigration Load (0.1ms)[0m  [1mSELECT "schema_migrations".* FROM "schema_migrations"[0m


Started GET "/" for ::1 at 2015-02-02 16:31:52 +0200
  [1m[36mActiveRecord::SchemaMigration Load (0.3ms)[0m  [1mSELECT "schema_migrations".* FROM "schema_migrations"[0m
Processing by Rails::WelcomeController#index as HTML
  Rendered /Users/liorb/.rvm/gems/ruby-2.1.5@dev_surveys/gems/railties-4.2.0/lib/rails/templates/rails/welcome/index.html.erb (0.7ms)
Completed 200 OK in 14ms (Views: 4.6ms | ActiveRecord: 0.0ms)


Started GET "/polls" for ::1 at 2015-02-02 16:32:03 +0200
Processing by PollsController#index as HTML
  [1m[35mPoll Load (0.1ms)[0m  SELECT "polls".* FROM "polls"
  Rendered polls/index.html.haml within layouts/application (3.2ms)
Completed 200 OK in 1362ms (Views: 1359.8ms | ActiveRecord: 0.2ms)


Started GET "/assets/polls-64e62ddc273c2f5847f30d698ca14b67.css?body=1" for ::1 at 2015-02-02 16:32:04 +0200


Started GET "/assets/scaffolds-0f422e3c7d9e7d8ddf17fefc60dd5130.css?body=1" for ::1 at 2015-02-02 16:32:04 +0200


Started GET "/assets/jquery_ujs-e27bd20a10d28155845a22d71ef94f2f.js?body=1" for ::1 at 2015-02-02 16:32:04 +0200


Started GET "/assets/turbolinks-da8ddad9c2c5483d4c5c30c1ce325253.js?body=1" for ::1 at 2015-02-02 16:32:04 +0200


Started GET "/assets/jquery-87424c3c19e96d4fb033c10ebe21ec40.js?body=1" for ::1 at 2015-02-02 16:32:04 +0200


Started GET "/assets/application-439669090d2ef21fd9d24eae745de777.css?body=1" for ::1 at 2015-02-02 16:32:04 +0200


Started GET "/assets/polls-fcec5b5a277ac7c20cc9f45a209a3bcd.js?body=1" for ::1 at 2015-02-02 16:32:04 +0200


Started GET "/assets/application-79e1233a68e5fdd328d8a2ea17ddef8a.js?body=1" for ::1 at 2015-02-02 16:32:04 +0200


Started GET "/polls/new" for ::1 at 2015-02-02 16:32:07 +0200
Processing by PollsController#new as HTML
  Rendered polls/_form.html.haml (14.2ms)
  Rendered polls/new.html.haml within layouts/application (20.1ms)
Completed 200 OK in 68ms (Views: 65.4ms | ActiveRecord: 0.2ms)


Started POST "/polls" for ::1 at 2015-02-02 16:32:14 +0200
Processing by PollsController#create as HTML
  Parameters: {"utf8"=>"✓", "authenticity_token"=>"SfIxGyqM6engPl4y8NGhqSiP00NRIj6PA3Of1HeqbkJxFn/n09QLqLKppiE1C16NqUQpvTihLFW8oBBRJhbUMg==", "poll"=>{"title"=>"my poll"}, "commit"=>"Save"}
  [1m[36m (0.1ms)[0m  [1mbegin transaction[0m
  [1m[35mSQL (0.5ms)[0m  INSERT INTO "polls" ("title", "created_at", "updated_at") VALUES (?, ?, ?)  [["title", "my poll"], ["created_at", "2015-02-02 14:32:14.122203"], ["updated_at", "2015-02-02 14:32:14.122203"]]
  [1m[36m (0.9ms)[0m  [1mcommit transaction[0m
Redirected to http://localhost:3000/polls/1
Completed 302 Found in 8ms (ActiveRecord: 1.5ms)


Started GET "/polls/1" for ::1 at 2015-02-02 16:32:14 +0200
Processing by PollsController#show as HTML
  Parameters: {"id"=>"1"}
  [1m[35mPoll Load (0.2ms)[0m  SELECT  "polls".* FROM "polls" WHERE "polls"."id" = ? LIMIT 1  [["id", 1]]
  Rendered polls/show.html.haml within layouts/application (1.3ms)
Completed 200 OK in 80ms (Views: 69.1ms | ActiveRecord: 0.2ms)


Started GET "/polls/1" for ::1 at 2015-02-02 16:32:17 +0200
Processing by PollsController#show as HTML
  Parameters: {"id"=>"1"}
  [1m[36mPoll Load (0.1ms)[0m  [1mSELECT  "polls".* FROM "polls" WHERE "polls"."id" = ? LIMIT 1[0m  [["id", 1]]
  Rendered polls/show.html.haml within layouts/application (0.4ms)
Completed 200 OK in 60ms (Views: 58.5ms | ActiveRecord: 0.1ms)


Started GET "/assets/polls-64e62ddc273c2f5847f30d698ca14b67.css?body=1" for ::1 at 2015-02-02 16:32:17 +0200


Started GET "/assets/scaffolds-0f422e3c7d9e7d8ddf17fefc60dd5130.css?body=1" for ::1 at 2015-02-02 16:32:17 +0200


Started GET "/assets/turbolinks-da8ddad9c2c5483d4c5c30c1ce325253.js?body=1" for ::1 at 2015-02-02 16:32:17 +0200


Started GET "/assets/jquery-87424c3c19e96d4fb033c10ebe21ec40.js?body=1" for ::1 at 2015-02-02 16:32:17 +0200


Started GET "/assets/jquery_ujs-e27bd20a10d28155845a22d71ef94f2f.js?body=1" for ::1 at 2015-02-02 16:32:17 +0200


Started GET "/assets/application-439669090d2ef21fd9d24eae745de777.css?body=1" for ::1 at 2015-02-02 16:32:17 +0200


Started GET "/assets/polls-fcec5b5a277ac7c20cc9f45a209a3bcd.js?body=1" for ::1 at 2015-02-02 16:32:17 +0200


Started GET "/assets/application-79e1233a68e5fdd328d8a2ea17ddef8a.js?body=1" for ::1 at 2015-02-02 16:32:17 +0200


Started GET "/polls" for ::1 at 2015-02-02 16:32:22 +0200
Processing by PollsController#index as HTML
  [1m[35mPoll Load (0.2ms)[0m  SELECT "polls".* FROM "polls"
  Rendered polls/index.html.haml within layouts/application (3.5ms)
Completed 200 OK in 72ms (Views: 71.2ms | ActiveRecord: 0.2ms)
  [1m[36mActiveRecord::SchemaMigration Load (0.1ms)[0m  [1mSELECT "schema_migrations".* FROM "schema_migrations"[0m
  [1m[35mActiveRecord::SchemaMigration Load (0.1ms)[0m  SELECT "schema_migrations".* FROM "schema_migrations"


Started GET "/" for 127.0.0.1 at 2015-02-02 13:20:12 -0800
  [1m[36mActiveRecord::SchemaMigration Load (0.1ms)[0m  [1mSELECT "schema_migrations".* FROM "schema_migrations"[0m
Processing by PollsController#index as HTML
  [1m[35mPoll Load (0.1ms)[0m  SELECT "polls".* FROM "polls"
  Rendered polls/index.html.haml within layouts/application (7.4ms)
  Rendered application/_nav.html.haml (5.3ms)
Completed 200 OK in 2647ms (Views: 2638.1ms | ActiveRecord: 0.4ms)


Started GET "/assets/polls-64e62ddc273c2f5847f30d698ca14b67.css?body=1" for 127.0.0.1 at 2015-02-02 13:20:15 -0800


Started GET "/assets/application-97954fa381c873ce5e78e9f464de2681.css?body=1" for 127.0.0.1 at 2015-02-02 13:20:15 -0800


Started GET "/assets/jquery-87424c3c19e96d4fb033c10ebe21ec40.js?body=1" for 127.0.0.1 at 2015-02-02 13:20:15 -0800


Started GET "/assets/polls-fcec5b5a277ac7c20cc9f45a209a3bcd.js?body=1" for 127.0.0.1 at 2015-02-02 13:20:15 -0800


Started GET "/assets/application-79e1233a68e5fdd328d8a2ea17ddef8a.js?body=1" for 127.0.0.1 at 2015-02-02 13:20:15 -0800


Started GET "/assets/jquery_ujs-e27bd20a10d28155845a22d71ef94f2f.js?body=1" for 127.0.0.1 at 2015-02-02 13:20:15 -0800


Started GET "/assets/turbolinks-da8ddad9c2c5483d4c5c30c1ce325253.js?body=1" for 127.0.0.1 at 2015-02-02 13:20:15 -0800


Started GET "/polls" for 127.0.0.1 at 2015-02-02 13:20:18 -0800
Processing by PollsController#index as HTML
  [1m[36mPoll Load (0.3ms)[0m  [1mSELECT "polls".* FROM "polls"[0m
  Rendered polls/index.html.haml within layouts/application (4.4ms)
  Rendered application/_nav.html.haml (2.4ms)
Completed 200 OK in 80ms (Views: 78.8ms | ActiveRecord: 0.3ms)


Started GET "/" for 127.0.0.1 at 2015-02-02 13:20:18 -0800
Processing by PollsController#index as HTML
  [1m[35mPoll Load (0.4ms)[0m  SELECT "polls".* FROM "polls"
  Rendered polls/index.html.haml within layouts/application (2.0ms)
  Rendered application/_nav.html.haml (0.2ms)
Completed 200 OK in 67ms (Views: 65.7ms | ActiveRecord: 0.4ms)


Started GET "/polls" for 127.0.0.1 at 2015-02-02 13:20:19 -0800
Processing by PollsController#index as HTML
  [1m[36mPoll Load (0.4ms)[0m  [1mSELECT "polls".* FROM "polls"[0m
  Rendered polls/index.html.haml within layouts/application (4.4ms)
  Rendered application/_nav.html.haml (0.2ms)
Completed 200 OK in 72ms (Views: 70.1ms | ActiveRecord: 0.4ms)


Started GET "/" for 127.0.0.1 at 2015-02-02 13:21:00 -0800
Processing by PollsController#index as HTML
  [1m[35mPoll Load (0.2ms)[0m  SELECT "polls".* FROM "polls"
  Rendered polls/index.html.haml within layouts/application (1.9ms)
  Rendered application/_nav.html.haml (0.2ms)
Completed 200 OK in 80ms (Views: 79.4ms | ActiveRecord: 0.2ms)


Started GET "/" for 127.0.0.1 at 2015-02-02 13:21:19 -0800
Processing by PollsController#index as HTML
  [1m[36mPoll Load (0.2ms)[0m  [1mSELECT "polls".* FROM "polls"[0m
  Rendered polls/index.html.haml within layouts/application (1.9ms)
  Rendered application/_nav.html.haml (0.2ms)
Completed 200 OK in 62ms (Views: 60.7ms | ActiveRecord: 0.2ms)


Started GET "/polls/1" for 127.0.0.1 at 2015-02-02 13:21:22 -0800
Processing by PollsController#show as HTML
  Parameters: {"id"=>"1"}
  [1m[35mPoll Load (0.4ms)[0m  SELECT  "polls".* FROM "polls" WHERE "polls"."id" = ? LIMIT 1  [["id", 1]]
  Rendered polls/show.html.haml within layouts/application (2.5ms)
  Rendered application/_nav.html.haml (0.2ms)
Completed 200 OK in 64ms (Views: 53.3ms | ActiveRecord: 0.4ms)


Started GET "/polls" for 127.0.0.1 at 2015-02-02 13:21:23 -0800
Processing by PollsController#index as HTML
  [1m[36mPoll Load (0.3ms)[0m  [1mSELECT "polls".* FROM "polls"[0m
  Rendered polls/index.html.haml within layouts/application (1.7ms)
  Rendered application/_nav.html.haml (0.3ms)
Completed 200 OK in 55ms (Views: 53.9ms | ActiveRecord: 0.3ms)


Started GET "/polls" for 127.0.0.1 at 2015-02-03 14:31:38 -0800
  [1m[36mActiveRecord::SchemaMigration Load (0.1ms)[0m  [1mSELECT "schema_migrations".* FROM "schema_migrations"[0m
Processing by PollsController#index as HTML
  [1m[35mPoll Load (0.1ms)[0m  SELECT "polls".* FROM "polls"
  Rendered polls/index.html.haml within layouts/application (6.5ms)
  Rendered application/_nav.html.haml (2.5ms)
Completed 200 OK in 124ms (Views: 114.6ms | ActiveRecord: 0.4ms)


Started GET "/assets/polls-64e62ddc273c2f5847f30d698ca14b67.css?body=1" for 127.0.0.1 at 2015-02-03 14:31:38 -0800


Started GET "/assets/application-97954fa381c873ce5e78e9f464de2681.css?body=1" for 127.0.0.1 at 2015-02-03 14:31:38 -0800


Started GET "/assets/application-79e1233a68e5fdd328d8a2ea17ddef8a.js?body=1" for 127.0.0.1 at 2015-02-03 14:31:38 -0800


Started GET "/assets/jquery_ujs-e27bd20a10d28155845a22d71ef94f2f.js?body=1" for 127.0.0.1 at 2015-02-03 14:31:38 -0800


Started GET "/assets/jquery-87424c3c19e96d4fb033c10ebe21ec40.js?body=1" for 127.0.0.1 at 2015-02-03 14:31:38 -0800


Started GET "/assets/polls-fcec5b5a277ac7c20cc9f45a209a3bcd.js?body=1" for 127.0.0.1 at 2015-02-03 14:31:38 -0800


Started GET "/assets/turbolinks-da8ddad9c2c5483d4c5c30c1ce325253.js?body=1" for 127.0.0.1 at 2015-02-03 14:31:38 -0800


Started GET "/polls/1/edit" for 127.0.0.1 at 2015-02-03 14:31:43 -0800
Processing by PollsController#edit as HTML
  Parameters: {"id"=>"1"}
  [1m[36mPoll Load (0.3ms)[0m  [1mSELECT  "polls".* FROM "polls" WHERE "polls"."id" = ? LIMIT 1[0m  [["id", 1]]
  Rendered polls/_form.html.haml (35.6ms)
  Rendered polls/edit.html.haml within layouts/application (38.5ms)
  Rendered application/_nav.html.haml (1.9ms)
Completed 200 OK in 99ms (Views: 88.6ms | ActiveRecord: 0.3ms)


Started GET "/polls" for 127.0.0.1 at 2015-02-03 14:31:45 -0800
Processing by PollsController#index as HTML
  [1m[35mPoll Load (0.3ms)[0m  SELECT "polls".* FROM "polls"
  Rendered polls/index.html.haml within layouts/application (4.7ms)
  Rendered application/_nav.html.haml (0.2ms)
Completed 200 OK in 58ms (Views: 57.3ms | ActiveRecord: 0.3ms)


Started GET "/polls" for 127.0.0.1 at 2015-02-03 14:32:13 -0800
Processing by PollsController#index as HTML
  [1m[36mPoll Load (0.2ms)[0m  [1mSELECT "polls".* FROM "polls"[0m
  Rendered polls/index.html.haml within layouts/application (3.7ms)
  Rendered application/_nav.html.haml (0.3ms)
Completed 200 OK in 64ms (Views: 62.4ms | ActiveRecord: 0.2ms)


Started GET "/assets/polls-64e62ddc273c2f5847f30d698ca14b67.css?body=1" for 127.0.0.1 at 2015-02-03 14:32:14 -0800


Started GET "/assets/application-97954fa381c873ce5e78e9f464de2681.css?body=1" for 127.0.0.1 at 2015-02-03 14:32:14 -0800


Started GET "/assets/jquery_ujs-e27bd20a10d28155845a22d71ef94f2f.js?body=1" for 127.0.0.1 at 2015-02-03 14:32:14 -0800


Started GET "/assets/jquery-87424c3c19e96d4fb033c10ebe21ec40.js?body=1" for 127.0.0.1 at 2015-02-03 14:32:14 -0800


Started GET "/assets/turbolinks-da8ddad9c2c5483d4c5c30c1ce325253.js?body=1" for 127.0.0.1 at 2015-02-03 14:32:14 -0800


Started GET "/assets/polls-fcec5b5a277ac7c20cc9f45a209a3bcd.js?body=1" for 127.0.0.1 at 2015-02-03 14:32:14 -0800


Started GET "/assets/application-79e1233a68e5fdd328d8a2ea17ddef8a.js?body=1" for 127.0.0.1 at 2015-02-03 14:32:14 -0800


Started GET "/polls" for 127.0.0.1 at 2015-02-03 14:32:58 -0800
Processing by PollsController#index as HTML
  [1m[35mPoll Load (0.2ms)[0m  SELECT "polls".* FROM "polls"
  Rendered polls/index.html.haml within layouts/application (4.2ms)
  Rendered application/_nav.html.haml (0.2ms)
Completed 200 OK in 78ms (Views: 76.8ms | ActiveRecord: 0.2ms)


Started GET "/assets/polls-64e62ddc273c2f5847f30d698ca14b67.css?body=1" for 127.0.0.1 at 2015-02-03 14:32:58 -0800


Started GET "/assets/application-79e1233a68e5fdd328d8a2ea17ddef8a.js?body=1" for 127.0.0.1 at 2015-02-03 14:32:58 -0800


Started GET "/assets/jquery-87424c3c19e96d4fb033c10ebe21ec40.js?body=1" for 127.0.0.1 at 2015-02-03 14:32:58 -0800


Started GET "/assets/application-97954fa381c873ce5e78e9f464de2681.css?body=1" for 127.0.0.1 at 2015-02-03 14:32:58 -0800


Started GET "/assets/jquery_ujs-e27bd20a10d28155845a22d71ef94f2f.js?body=1" for 127.0.0.1 at 2015-02-03 14:32:58 -0800


Started GET "/assets/turbolinks-da8ddad9c2c5483d4c5c30c1ce325253.js?body=1" for 127.0.0.1 at 2015-02-03 14:32:58 -0800


Started GET "/assets/polls-fcec5b5a277ac7c20cc9f45a209a3bcd.js?body=1" for 127.0.0.1 at 2015-02-03 14:32:58 -0800


Started GET "/polls/new" for 127.0.0.1 at 2015-02-03 14:33:09 -0800
Processing by PollsController#new as HTML
  Rendered polls/_form.html.haml (1.2ms)
  Rendered polls/new.html.haml within layouts/application (3.4ms)
  Rendered application/_nav.html.haml (0.2ms)
Completed 200 OK in 63ms (Views: 62.5ms | ActiveRecord: 0.0ms)
